Arguments: 
  C:\nodejs\node.exe C:\Program Files (x86)\Yarn\bin\yarn.js add @types/immer

PATH: 
  C:\msys64\usr\local\bin;C:\msys64\usr\bin;C:\msys64\usr\bin;C:\msys64\opt\bin;C:\msys64\usr\bin;C:\Program Files\ConEmu\ConEmu\Scripts;C:\Program Files\ConEmu;C:\Program Files\ConEmu\ConEmu;C:\Program Files\AdoptOpenJDK\jdk-11.0.4.11-hotspot\bin;C:\Program Files (x86)\Common Files\Oracle\Java\javapath;C:\Windows\system32;C:\Windows;C:\Windows\System32\Wbem;C:\Windows\System32\WindowsPowerShell\v1.0;C:\Users\chetan\AppData\Local\Android\Sdk\platform-tools;C:\adb;C:\Program Files\PuTTY;C:\Program Files\Amazon\AWSCLI;C:\Program Files\Java\jdk-11.0.1\bin;C:\Program Files\Microsoft\Web Platform Installer;C:\xampp\php;C:\Program Files (x86)\Streamlink\bin;C:\ffmpeg\bin;C:\youtube-dl;C:\ProgramData\chocolatey\bin;C:\newPath;C:\Program Files\Typora;C:\Program Files\Pandoc;C:\Users\chetan\.deno\bin;C:\Program Files (x86)\GnuWin32\bin;C:\Users\chetan\AppData\Roaming\npm;C:\Users\chetan\AppData\Roaming\nvm;C:\nodejs;C:\watchmanbyFB\bin;C:\additionalPath;C:\Users\chetan\Desktop\Rapid Growth\readingFileGeneratingGlobalPackageList;C:\Program Files\Sublime Text 3;C:\msys64\usr\bin;C:\Program Files (x86)\Google\Chrome\Application;C:\Program Files\Git\cmd;C:\Program Files\PowerShell\7-preview\preview;C:\Program Files\Calibre2;C:\Program Files\ISC BIND 9\bin;C:\additionalPath\colortool;C:\Program Files (x86)\Yarn\bin;C:\Users\chetan\AppData\Local\Programs\Python\Python39\Scripts;C:\Users\chetan\AppData\Local\Programs\Python\Python39;C:\Users\chetan\scoop\shims;C:\Users\chetan\AppData\Local\Programs\Python\Python38\Scripts;C:\Users\chetan\AppData\Local\Programs\Python\Python38;C:\Ruby26-x64\bin;C:\Users\chetan\AppData\Local\Programs\Microsoft VS Code\bin;C:\Program Files\MongoDB\Server\4.0\bin;C:\Users\chetan\AppData\Local\GitHubDesktop\bin;C:\Users\chetan\AppData\Local\atom\bin;C:\Program Files\heroku\bin;C:\Program Files\IPFS Desktop\resources\app.asar.unpacked\out\ipfs-on-path\scripts\bin-win;C:\Users\chetan\AppData\Roaming\nvm;C:\nodejs;C:\Users\chetan\AppData\Local\hyper\app-3.0.2\resources\bin;C:\Program Files (x86)\GitHub CLI;C:\msys64\usr\local\bin;C:\Users\chetan\AppData\Local\Yarn\bin;C:\Program Files\Docker Toolbox;C:\msys64\usr\bin\site_perl;C:\msys64\usr\bin\vendor_perl;C:\msys64\usr\bin\core_perl

Yarn version: 
  1.22.5

Node version: 
  12.18.0

Platform: 
  win32 x64

Trace: 
  Error: https://registry.yarnpkg.com/@types%2fimmer: Not found
      at Request.params.callback [as _callback] (C:\Program Files (x86)\Yarn\lib\cli.js:66097:18)
      at Request.self.callback (C:\Program Files (x86)\Yarn\lib\cli.js:140749:22)
      at Request.emit (events.js:315:20)
      at Request.<anonymous> (C:\Program Files (x86)\Yarn\lib\cli.js:141721:10)
      at Request.emit (events.js:315:20)
      at IncomingMessage.<anonymous> (C:\Program Files (x86)\Yarn\lib\cli.js:141643:12)
      at Object.onceWrapper (events.js:421:28)
      at IncomingMessage.emit (events.js:327:22)
      at endReadableNT (_stream_readable.js:1221:12)
      at processTicksAndRejections (internal/process/task_queues.js:84:21)

npm manifest: 
  {
    "name": "usestatem",
    "version": "0.0.8",
    "description": "",
    "main": "index.js",
    "scripts": {
      "start": "npm version patch && npm publish",
      "start1": "npm version minor && npm publish",
      "start2": "npm version major && npm publish",
      "test": "echo \"Error: no test specified\" && exit 1"
    },
    "keywords": [],
    "author": "",
    "license": "ISC",
    "dependencies": {
      "@types/react": "^16.9.53",
      "immer": "^7.0.14",
      "react": "^17.0.0"
    }
  }

yarn manifest: 
  No manifest

Lockfile: 
  # THIS IS AN AUTOGENERATED FILE. DO NOT EDIT THIS FILE DIRECTLY.
  # yarn lockfile v1
  
  
  "@types/prop-types@*":
    version "15.7.3"
    resolved "https://registry.yarnpkg.com/@types/prop-types/-/prop-types-15.7.3.tgz#2ab0d5da2e5815f94b0b9d4b95d1e5f243ab2ca7"
    integrity sha512-KfRL3PuHmqQLOG+2tGpRO26Ctg+Cq1E01D2DMriKEATHgWLfeNDmq9e29Q9WIky0dQ3NPkd1mzYH8Lm936Z9qw==
  
  "@types/react@^16.9.53":
    version "16.9.53"
    resolved "https://registry.yarnpkg.com/@types/react/-/react-16.9.53.tgz#40cd4f8b8d6b9528aedd1fff8fcffe7a112a3d23"
    integrity sha512-4nW60Sd4L7+WMXH1D6jCdVftuW7j4Za6zdp6tJ33Rqv0nk1ZAmQKML9ZLD4H0dehA3FZxXR/GM8gXplf82oNGw==
    dependencies:
      "@types/prop-types" "*"
      csstype "^3.0.2"
  
  csstype@^3.0.2:
    version "3.0.4"
    resolved "https://registry.yarnpkg.com/csstype/-/csstype-3.0.4.tgz#b156d7be03b84ff425c9a0a4b1e5f4da9c5ca888"
    integrity sha512-xc8DUsCLmjvCfoD7LTGE0ou2MIWLx0K9RCZwSHMOdynqRsP4MtUcLeqh1HcQ2dInwDTqn+3CE0/FZh1et+p4jA==
  
  immer@^7.0.14:
    version "7.0.14"
    resolved "https://registry.yarnpkg.com/immer/-/immer-7.0.14.tgz#3e605f8584b15a9520d2f2f3fda9441cc9170d25"
    integrity sha512-BxCs6pJwhgSEUEOZjywW7OA8DXVzfHjkBelSEl0A+nEu0+zS4cFVdNOONvt55N4WOm8Pu4xqSPYxhm1Lv2iBBA==
  
  "js-tokens@^3.0.0 || ^4.0.0":
    version "4.0.0"
    resolved "https://registry.yarnpkg.com/js-tokens/-/js-tokens-4.0.0.tgz#19203fb59991df98e3a287050d4647cdeaf32499"
    integrity sha512-RdJUflcE3cUzKiMqQgsCu06FPu9UdIJO0beYbPhHN4k6apgJtifcoCtT9bcxOpYBtpD2kCM6Sbzg4CausW/PKQ==
  
  loose-envify@^1.1.0:
    version "1.4.0"
    resolved "https://registry.yarnpkg.com/loose-envify/-/loose-envify-1.4.0.tgz#71ee51fa7be4caec1a63839f7e682d8132d30caf"
    integrity sha512-lyuxPGr/Wfhrlem2CL/UcnUc1zcqKAImBDzukY7Y5F/yQiNdko6+fRLevlw1HgMySw7f611UIY408EtxRSoK3Q==
    dependencies:
      js-tokens "^3.0.0 || ^4.0.0"
  
  object-assign@^4.1.1:
    version "4.1.1"
    resolved "https://registry.yarnpkg.com/object-assign/-/object-assign-4.1.1.tgz#2109adc7965887cfc05cbbd442cac8bfbb360863"
    integrity sha1-IQmtx5ZYh8/AXLvUQsrIv7s2CGM=
  
  react@^17.0.1:
    version "17.0.1"
    resolved "https://registry.yarnpkg.com/react/-/react-17.0.1.tgz#6e0600416bd57574e3f86d92edba3d9008726127"
    integrity sha512-lG9c9UuMHdcAexXtigOZLX8exLWkW0Ku29qPRU8uhF2R9BN96dLCt0psvzPLlHc5OWkgymP3qwTRgbnw5BKx3w==
    dependencies:
      loose-envify "^1.1.0"
      object-assign "^4.1.1"
